# JRE version: Java(TM) SE Runtime Environment (21.0.5+9) (build 21.0.5+9-LTS-239)
# Java VM: Java HotSpot(TM) 64-Bit Server VM (21.0.5+9-LTS-239, mixed mode, emulated-client, sharing, tiered, compressed oops, compressed class ptrs, g1 gc, windows-amd64)
GC Precious Log:
 CardTable entry size: 512
 Card Set container configuration: InlinePtr #cards 4 size 8 Array Of Cards #cards 32 size 80 Howl #buckets 8 coarsen threshold 7372 Howl Bitmap #cards 1024 size 144 coarsen threshold 921 Card regions per heap region 1 cards per card region 8192
 CPUs: 12 total, 12 available
 Memory: 32671M
 Large Page Support: Disabled
 NUMA Support: Disabled
 Compressed Oops: Enabled (Zero based)
 Heap Region Size: 4M
 Heap Min Capacity: 8M
 Heap Initial Capacity: 512M
 Heap Max Capacity: 8168M
 Pre-touch: Disabled
 Parallel Workers: 10
 Concurrent Workers: 3
 Concurrent Refinement Workers: 10
 Periodic GC: Disabled
Heap:
 garbage-first heap   total 184320K, used 48927K [0x0000000601800000, 0x0000000800000000)
  region size 4096K, 5 young (20480K), 3 survivors (12288K)
 Metaspace       used 21573K, committed 22464K, reserved 1114112K
  class space    used 2986K, committed 3392K, reserved 1048576K
GC Heap History (16 events):
Event: 0.357 GC heap before
{Heap before GC invocations=0 (full 0):
 garbage-first heap   total 524288K, used 24576K [0x0000000601800000, 0x0000000800000000)
  region size 4096K, 6 young (24576K), 0 survivors (0K)
 Metaspace       used 3819K, committed 4032K, reserved 1114112K
  class space    used 437K, committed 512K, reserved 1048576K
}
Event: 0.361 GC heap after
{Heap after GC invocations=1 (full 0):
 garbage-first heap   total 524288K, used 10981K [0x0000000601800000, 0x0000000800000000)
  region size 4096K, 1 young (4096K), 1 survivors (4096K)
 Metaspace       used 3819K, committed 4032K, reserved 1114112K
  class space    used 437K, committed 512K, reserved 1048576K
}
Event: 0.446 GC heap before
{Heap before GC invocations=1 (full 0):
 garbage-first heap   total 524288K, used 31461K [0x0000000601800000, 0x0000000800000000)
  region size 4096K, 6 young (24576K), 1 survivors (4096K)
 Metaspace       used 4105K, committed 4352K, reserved 1114112K
  class space    used 487K, committed 640K, reserved 1048576K
}
Event: 0.449 GC heap after
{Heap after GC invocations=2 (full 0):
 garbage-first heap   total 524288K, used 22870K [0x0000000601800000, 0x0000000800000000)
  region size 4096K, 1 young (4096K), 1 survivors (4096K)
 Metaspace       used 4105K, committed 4352K, reserved 1114112K
  class space    used 487K, committed 640K, reserved 1048576K
}
Event: 0.504 GC heap before
{Heap before GC invocations=2 (full 0):
 garbage-first heap   total 524288K, used 47446K [0x0000000601800000, 0x0000000800000000)
  region size 4096K, 7 young (28672K), 1 survivors (4096K)
 Metaspace       used 4105K, committed 4352K, reserved 1114112K
  class space    used 487K, committed 640K, reserved 1048576K
}
Event: 0.505 GC heap after
{Heap after GC invocations=3 (full 0):
 garbage-first heap   total 524288K, used 27723K [0x0000000601800000, 0x0000000800000000)
  region size 4096K, 1 young (4096K), 1 survivors (4096K)
 Metaspace       used 4105K, committed 4352K, reserved 1114112K
  class space    used 487K, committed 640K, reserved 1048576K
}
Event: 0.777 GC heap before
{Heap before GC invocations=3 (full 0):
 garbage-first heap   total 524288K, used 76875K [0x0000000601800000, 0x0000000800000000)
  region size 4096K, 13 young (53248K), 1 survivors (4096K)
 Metaspace       used 7384K, committed 7744K, reserved 1114112K
  class space    used 894K, committed 1088K, reserved 1048576K
}
Event: 0.781 GC heap after
{Heap after GC invocations=4 (full 0):
 garbage-first heap   total 524288K, used 32979K [0x0000000601800000, 0x0000000800000000)
  region size 4096K, 2 young (8192K), 2 survivors (8192K)
 Metaspace       used 7384K, committed 7744K, reserved 1114112K
  class space    used 894K, committed 1088K, reserved 1048576K
}
Event: 1.150 GC heap before
{Heap before GC invocations=4 (full 0):
 garbage-first heap   total 524288K, used 49363K [0x0000000601800000, 0x0000000800000000)
  region size 4096K, 7 young (28672K), 2 survivors (8192K)
 Metaspace       used 8968K, committed 9280K, reserved 1114112K
  class space    used 1137K, committed 1280K, reserved 1048576K
}
Event: 1.152 GC heap after
{Heap after GC invocations=5 (full 0):
 garbage-first heap   total 524288K, used 35128K [0x0000000601800000, 0x0000000800000000)
  region size 4096K, 3 young (12288K), 3 survivors (12288K)
 Metaspace       used 8968K, committed 9280K, reserved 1114112K
  class space    used 1137K, committed 1280K, reserved 1048576K
}
Event: 1.658 GC heap before
{Heap before GC invocations=6 (full 0):
 garbage-first heap   total 151552K, used 112952K [0x0000000601800000, 0x0000000800000000)
  region size 4096K, 22 young (90112K), 3 survivors (12288K)
 Metaspace       used 18081K, committed 18688K, reserved 1114112K
  class space    used 2418K, committed 2688K, reserved 1048576K
}
Event: 1.662 GC heap after
{Heap after GC invocations=7 (full 0):
 garbage-first heap   total 184320K, used 40489K [0x0000000601800000, 0x0000000800000000)
  region size 4096K, 2 young (8192K), 2 survivors (8192K)
 Metaspace       used 18081K, committed 18688K, reserved 1114112K
  class space    used 2418K, committed 2688K, reserved 1048576K
}
Event: 1.726 GC heap before
{Heap before GC invocations=7 (full 0):
 garbage-first heap   total 184320K, used 73257K [0x0000000601800000, 0x0000000800000000)
  region size 4096K, 11 young (45056K), 2 survivors (8192K)
 Metaspace       used 20576K, committed 21504K, reserved 1114112K
  class space    used 2821K, committed 3264K, reserved 1048576K
}
Event: 1.729 GC heap after
{Heap after GC invocations=8 (full 0):
 garbage-first heap   total 184320K, used 43445K [0x0000000601800000, 0x0000000800000000)
  region size 4096K, 3 young (12288K), 3 survivors (12288K)
 Metaspace       used 20576K, committed 21504K, reserved 1114112K
  class space    used 2821K, committed 3264K, reserved 1048576K
}
Event: 1.735 GC heap before
{Heap before GC invocations=8 (full 0):
 garbage-first heap   total 184320K, used 47541K [0x0000000601800000, 0x0000000800000000)
  region size 4096K, 5 young (20480K), 3 survivors (12288K)
 Metaspace       used 20882K, committed 21824K, reserved 1114112K
  class space    used 2875K, committed 3328K, reserved 1048576K
}
Event: 1.737 GC heap after
{Heap after GC invocations=9 (full 0):
 garbage-first heap   total 184320K, used 44831K [0x0000000601800000, 0x0000000800000000)
  region size 4096K, 3 young (12288K), 3 survivors (12288K)
 Metaspace       used 20882K, committed 21824K, reserved 1114112K
  class space    used 2875K, committed 3328K, reserved 1048576K
}

