# JRE version: Java(TM) SE Runtime Environment (21.0.5+9) (build 21.0.5+9-LTS-239)
# Java VM: Java HotSpot(TM) 64-Bit Server VM (21.0.5+9-LTS-239, mixed mode, emulated-client, sharing, tiered, compressed oops, compressed class ptrs, g1 gc, windows-amd64)
GC Precious Log:
 CardTable entry size: 512
 Card Set container configuration: InlinePtr #cards 4 size 8 Array Of Cards #cards 32 size 80 Howl #buckets 8 coarsen threshold 7372 Howl Bitmap #cards 1024 size 144 coarsen threshold 921 Card regions per heap region 1 cards per card region 8192
 CPUs: 12 total, 12 available
 Memory: 32671M
 Large Page Support: Disabled
 NUMA Support: Disabled
 Compressed Oops: Enabled (Zero based)
 Heap Region Size: 4M
 Heap Min Capacity: 8M
 Heap Initial Capacity: 512M
 Heap Max Capacity: 8168M
 Pre-touch: Disabled
 Parallel Workers: 10
 Concurrent Workers: 3
 Concurrent Refinement Workers: 10
 Periodic GC: Disabled
Heap:
 garbage-first heap   total 184320K, used 43692K [0x0000000601800000, 0x0000000800000000)
  region size 4096K, 4 young (16384K), 3 survivors (12288K)
 Metaspace       used 20877K, committed 21824K, reserved 1114112K
  class space    used 2866K, committed 3264K, reserved 1048576K
GC Heap History (14 events):
Event: 0.341 GC heap before
{Heap before GC invocations=0 (full 0):
 garbage-first heap   total 524288K, used 24576K [0x0000000601800000, 0x0000000800000000)
  region size 4096K, 6 young (24576K), 0 survivors (0K)
 Metaspace       used 3819K, committed 4032K, reserved 1114112K
  class space    used 437K, committed 512K, reserved 1048576K
}
Event: 0.344 GC heap after
{Heap after GC invocations=1 (full 0):
 garbage-first heap   total 524288K, used 11268K [0x0000000601800000, 0x0000000800000000)
  region size 4096K, 1 young (4096K), 1 survivors (4096K)
 Metaspace       used 3819K, committed 4032K, reserved 1114112K
  class space    used 437K, committed 512K, reserved 1048576K
}
Event: 0.429 GC heap before
{Heap before GC invocations=1 (full 0):
 garbage-first heap   total 524288K, used 31748K [0x0000000601800000, 0x0000000800000000)
  region size 4096K, 6 young (24576K), 1 survivors (4096K)
 Metaspace       used 4106K, committed 4352K, reserved 1114112K
  class space    used 488K, committed 640K, reserved 1048576K
}
Event: 0.432 GC heap after
{Heap after GC invocations=2 (full 0):
 garbage-first heap   total 524288K, used 23272K [0x0000000601800000, 0x0000000800000000)
  region size 4096K, 1 young (4096K), 1 survivors (4096K)
 Metaspace       used 4106K, committed 4352K, reserved 1114112K
  class space    used 488K, committed 640K, reserved 1048576K
}
Event: 0.487 GC heap before
{Heap before GC invocations=2 (full 0):
 garbage-first heap   total 524288K, used 47848K [0x0000000601800000, 0x0000000800000000)
  region size 4096K, 7 young (28672K), 1 survivors (4096K)
 Metaspace       used 4106K, committed 4352K, reserved 1114112K
  class space    used 488K, committed 640K, reserved 1048576K
}
Event: 0.489 GC heap after
{Heap after GC invocations=3 (full 0):
 garbage-first heap   total 524288K, used 27990K [0x0000000601800000, 0x0000000800000000)
  region size 4096K, 1 young (4096K), 1 survivors (4096K)
 Metaspace       used 4106K, committed 4352K, reserved 1114112K
  class space    used 488K, committed 640K, reserved 1048576K
}
Event: 0.752 GC heap before
{Heap before GC invocations=3 (full 0):
 garbage-first heap   total 524288K, used 85334K [0x0000000601800000, 0x0000000800000000)
  region size 4096K, 15 young (61440K), 1 survivors (4096K)
 Metaspace       used 7855K, committed 8192K, reserved 1114112K
  class space    used 966K, committed 1152K, reserved 1048576K
}
Event: 0.755 GC heap after
{Heap after GC invocations=4 (full 0):
 garbage-first heap   total 524288K, used 34007K [0x0000000601800000, 0x0000000800000000)
  region size 4096K, 2 young (8192K), 2 survivors (8192K)
 Metaspace       used 7855K, committed 8192K, reserved 1114112K
  class space    used 966K, committed 1152K, reserved 1048576K
}
Event: 0.817 GC heap before
{Heap before GC invocations=4 (full 0):
 garbage-first heap   total 524288K, used 38103K [0x0000000601800000, 0x0000000800000000)
  region size 4096K, 5 young (20480K), 2 survivors (8192K)
 Metaspace       used 8897K, committed 9216K, reserved 1114112K
  class space    used 1126K, committed 1280K, reserved 1048576K
}
Event: 0.819 GC heap after
{Heap after GC invocations=5 (full 0):
 garbage-first heap   total 524288K, used 35513K [0x0000000601800000, 0x0000000800000000)
  region size 4096K, 3 young (12288K), 3 survivors (12288K)
 Metaspace       used 8897K, committed 9216K, reserved 1114112K
  class space    used 1126K, committed 1280K, reserved 1048576K
}
Event: 1.205 GC heap before
{Heap before GC invocations=6 (full 0):
 garbage-first heap   total 151552K, used 109241K [0x0000000601800000, 0x0000000800000000)
  region size 4096K, 22 young (90112K), 3 survivors (12288K)
 Metaspace       used 17814K, committed 18496K, reserved 1114112K
  class space    used 2380K, committed 2688K, reserved 1048576K
}
Event: 1.209 GC heap after
{Heap after GC invocations=7 (full 0):
 garbage-first heap   total 184320K, used 41121K [0x0000000601800000, 0x0000000800000000)
  region size 4096K, 3 young (12288K), 3 survivors (12288K)
 Metaspace       used 17814K, committed 18496K, reserved 1114112K
  class space    used 2380K, committed 2688K, reserved 1048576K
}
Event: 1.298 GC heap before
{Heap before GC invocations=7 (full 0):
 garbage-first heap   total 184320K, used 69793K [0x0000000601800000, 0x0000000800000000)
  region size 4096K, 11 young (45056K), 3 survivors (12288K)
 Metaspace       used 20630K, committed 21504K, reserved 1114112K
  class space    used 2830K, committed 3264K, reserved 1048576K
}
Event: 1.303 GC heap after
{Heap after GC invocations=8 (full 0):
 garbage-first heap   total 184320K, used 43692K [0x0000000601800000, 0x0000000800000000)
  region size 4096K, 3 young (12288K), 3 survivors (12288K)
 Metaspace       used 20630K, committed 21504K, reserved 1114112K
  class space    used 2830K, committed 3264K, reserved 1048576K
}

